<?xml version="1.0" encoding="UTF-8"?>
<!-- Generated by org.testng.reporters.JUnitReportReporter -->
<testsuite hostname="Dell" failures="0" tests="3" name="Tests.CheckoutOneTest" time="15.639" errors="0" timestamp="2023-10-18T16:43:32 CEST" skipped="0">
  <testcase classname="Tests.CheckoutOneTest" name="verifyUserCannotCheckout" time="1.752"/>
  <testcase classname="Tests.CheckoutOneTest" name="verifyUserCanCheckout" time="2.236"/>
  <testcase classname="Tests.CheckoutOneTest" name="verifyUserCanCancelCheckout" time="11.651"/>
</testsuite> <!-- Tests.CheckoutOneTest -->
