<?xml version="1.0" encoding="UTF-8"?>
<!-- Generated by org.testng.reporters.JUnitReportReporter -->
<testsuite hostname="Dell" failures="0" tests="1" name="Tests.InventoryPageTest" time="5.811" errors="0" timestamp="2023-10-18T16:12:38 CEST" skipped="0">
  <testcase classname="Tests.InventoryPageTest" name="verifySocialNetworkAccess" time="5.811"/>
</testsuite> <!-- Tests.InventoryPageTest -->
